{
  "0 debug pnpm:scope": {
    "selected": 1,
    "total": 1,
    "workspacePrefix": "/home/lpdev/Documents/en-cours/clean-archi-nodejs"
  },
  "1 info pnpm": {
    "err": {
      "name": "Error",
      "message": "meal-plan-server@1.0.0 test:ci: `pnpm test -- --coverage`\nExit status 1",
      "code": "ELIFECYCLE",
      "stack": "Error: meal-plan-server@1.0.0 test:ci: `pnpm test -- --coverage`\nExit status 1\n    at EventEmitter.<anonymous> (/home/lpdev/.nvm/versions/node/v16.13.2/pnpm-global/5/node_modules/.pnpm/pnpm@6.31.0/node_modules/pnpm/dist/pnpm.cjs:105664:20)\n    at EventEmitter.emit (node:events:390:28)\n    at ChildProcess.<anonymous> (/home/lpdev/.nvm/versions/node/v16.13.2/pnpm-global/5/node_modules/.pnpm/pnpm@6.31.0/node_modules/pnpm/dist/pnpm.cjs:92211:18)\n    at ChildProcess.emit (node:events:390:28)\n    at maybeClose (node:internal/child_process:1064:16)\n    at Process.ChildProcess._handle.onexit (node:internal/child_process:301:5)"
    }
  },
  "2 error pnpm": {
    "errno": 1,
    "code": "ERR_PNPM_RECURSIVE_RUN_FIRST_FAIL",
    "pkgid": "meal-plan-server@1.0.0",
    "stage": "test:ci",
    "script": "pnpm test -- --coverage",
    "pkgname": "meal-plan-server",
    "prefix": "/home/lpdev/Documents/en-cours/clean-archi-nodejs/apps/backend",
    "err": {
      "name": "pnpm",
      "message": "meal-plan-server@1.0.0 test:ci: `pnpm test -- --coverage`\nExit status 1",
      "code": "ERR_PNPM_RECURSIVE_RUN_FIRST_FAIL",
      "stack": "Error: meal-plan-server@1.0.0 test:ci: `pnpm test -- --coverage`\nExit status 1\n    at EventEmitter.<anonymous> (/home/lpdev/.nvm/versions/node/v16.13.2/pnpm-global/5/node_modules/.pnpm/pnpm@6.31.0/node_modules/pnpm/dist/pnpm.cjs:105664:20)\n    at EventEmitter.emit (node:events:390:28)\n    at ChildProcess.<anonymous> (/home/lpdev/.nvm/versions/node/v16.13.2/pnpm-global/5/node_modules/.pnpm/pnpm@6.31.0/node_modules/pnpm/dist/pnpm.cjs:92211:18)\n    at ChildProcess.emit (node:events:390:28)\n    at maybeClose (node:internal/child_process:1064:16)\n    at Process.ChildProcess._handle.onexit (node:internal/child_process:301:5)"
    }
  }
}